[2019.09.12 11:35:01] (Coverage): Failed to load coverage data from file: /home/soruh/.IdeaIC2019.2/system/coverage/tetris_neural_net$Main.ic
java.io.EOFException
	at java.base/java.io.DataInputStream.readUnsignedByte(DataInputStream.java:295)
	at com.intellij.rt.coverage.util.CoverageIOUtil.readINT(CoverageIOUtil.java:136)
	at com.intellij.rt.coverage.util.ProjectDataLoader.load(ProjectDataLoader.java:38)
	at com.intellij.coverage.IDEACoverageRunner.loadCoverageData(IDEACoverageRunner.java:26)
	at com.intellij.coverage.BaseCoverageSuite.loadProjectInfo(BaseCoverageSuite.java:259)
	at com.intellij.coverage.JavaCoverageSuite.getCoverageData(JavaCoverageSuite.java:169)
	at com.intellij.coverage.CoverageSuitesBundle.getCoverageData(CoverageSuitesBundle.java:96)
	at com.intellij.coverage.PackageAnnotator.annotate(PackageAnnotator.java:139)
	at com.intellij.coverage.JavaCoverageAnnotator.lambda$createRenewRequest$1(JavaCoverageAnnotator.java:137)
	at com.intellij.coverage.BaseCoverageAnnotator$1.run(BaseCoverageAnnotator.java:38)
	at com.intellij.openapi.progress.impl.CoreProgressManager$TaskRunnable.run(CoreProgressManager.java:894)
	at com.intellij.openapi.progress.impl.CoreProgressManager.lambda$runProcess$2(CoreProgressManager.java:169)
	at com.intellij.openapi.progress.impl.CoreProgressManager.registerIndicatorAndRun(CoreProgressManager.java:591)
	at com.intellij.openapi.progress.impl.CoreProgressManager.executeProcessUnderProgress(CoreProgressManager.java:537)
	at com.intellij.openapi.progress.impl.ProgressManagerImpl.executeProcessUnderProgress(ProgressManagerImpl.java:59)
	at com.intellij.openapi.progress.impl.CoreProgressManager.runProcess(CoreProgressManager.java:156)
	at com.intellij.openapi.progress.impl.CoreProgressManager$4.run(CoreProgressManager.java:408)
	at com.intellij.openapi.application.impl.ApplicationImpl$1.run(ApplicationImpl.java:294)
	at java.base/java.util.concurrent.Executors$RunnableAdapter.call(Executors.java:515)
	at java.base/java.util.concurrent.FutureTask.run(FutureTask.java:264)
	at java.base/java.util.concurrent.ThreadPoolExecutor.runWorker(ThreadPoolExecutor.java:1128)
	at java.base/java.util.concurrent.ThreadPoolExecutor$Worker.run(ThreadPoolExecutor.java:628)
	at java.base/java.lang.Thread.run(Thread.java:834)
[2019.09.12 11:45:59] (Coverage): Failed to load coverage data from file: /home/soruh/.IdeaIC2019.2/system/coverage/tetris_neural_net$Main.ic
java.io.EOFException
	at java.base/java.io.DataInputStream.readUnsignedByte(DataInputStream.java:295)
	at com.intellij.rt.coverage.util.CoverageIOUtil.readINT(CoverageIOUtil.java:136)
	at com.intellij.rt.coverage.util.ProjectDataLoader.load(ProjectDataLoader.java:38)
	at com.intellij.coverage.IDEACoverageRunner.loadCoverageData(IDEACoverageRunner.java:26)
	at com.intellij.coverage.BaseCoverageSuite.loadProjectInfo(BaseCoverageSuite.java:259)
	at com.intellij.coverage.JavaCoverageSuite.getCoverageData(JavaCoverageSuite.java:169)
	at com.intellij.coverage.CoverageSuitesBundle.getCoverageData(CoverageSuitesBundle.java:96)
	at com.intellij.coverage.SrcFileAnnotator.showCoverageInformation(SrcFileAnnotator.java:276)
	at com.intellij.coverage.CoverageDataManagerImpl$CoverageEditorFactoryListener.lambda$editorCreated$1(CoverageDataManagerImpl.java:660)
	at com.intellij.util.concurrency.QueueProcessor.runSafely(QueueProcessor.java:231)
	at com.intellij.util.Alarm$Request.runSafely(Alarm.java:368)
	at com.intellij.util.Alarm$Request.run(Alarm.java:355)
	at java.base/java.util.concurrent.Executors$RunnableAdapter.call(Executors.java:515)
	at java.base/java.util.concurrent.FutureTask.run(FutureTask.java:264)
	at com.intellij.util.concurrency.SchedulingWrapper$MyScheduledFutureTask.run(SchedulingWrapper.java:224)
	at com.intellij.util.concurrency.BoundedTaskExecutor.doRun(BoundedTaskExecutor.java:207)
	at com.intellij.util.concurrency.BoundedTaskExecutor.access$100(BoundedTaskExecutor.java:29)
	at com.intellij.util.concurrency.BoundedTaskExecutor$1.lambda$run$0(BoundedTaskExecutor.java:185)
	at com.intellij.util.ConcurrencyUtil.runUnderThreadName(ConcurrencyUtil.java:208)
	at com.intellij.util.concurrency.BoundedTaskExecutor$1.run(BoundedTaskExecutor.java:181)
	at java.base/java.util.concurrent.ThreadPoolExecutor.runWorker(ThreadPoolExecutor.java:1128)
	at java.base/java.util.concurrent.ThreadPoolExecutor$Worker.run(ThreadPoolExecutor.java:628)
	at java.base/java.lang.Thread.run(Thread.java:834)
[2019.09.12 12:05:04] (Coverage): Failed to load coverage data from file: /home/soruh/.IdeaIC2019.2/system/coverage/tetris_neural_net$Main.ic
java.io.EOFException
	at java.base/java.io.DataInputStream.readUnsignedByte(DataInputStream.java:295)
	at com.intellij.rt.coverage.util.CoverageIOUtil.readINT(CoverageIOUtil.java:136)
	at com.intellij.rt.coverage.util.ProjectDataLoader.load(ProjectDataLoader.java:38)
	at com.intellij.coverage.IDEACoverageRunner.loadCoverageData(IDEACoverageRunner.java:26)
	at com.intellij.coverage.BaseCoverageSuite.loadProjectInfo(BaseCoverageSuite.java:259)
	at com.intellij.coverage.JavaCoverageSuite.getCoverageData(JavaCoverageSuite.java:169)
	at com.intellij.coverage.CoverageSuitesBundle.getCoverageData(CoverageSuitesBundle.java:96)
	at com.intellij.coverage.SrcFileAnnotator.showCoverageInformation(SrcFileAnnotator.java:276)
	at com.intellij.coverage.CoverageDataManagerImpl$CoverageEditorFactoryListener.lambda$editorCreated$1(CoverageDataManagerImpl.java:660)
	at com.intellij.util.concurrency.QueueProcessor.runSafely(QueueProcessor.java:231)
	at com.intellij.util.Alarm$Request.runSafely(Alarm.java:368)
	at com.intellij.util.Alarm$Request.run(Alarm.java:355)
	at java.base/java.util.concurrent.Executors$RunnableAdapter.call(Executors.java:515)
	at java.base/java.util.concurrent.FutureTask.run(FutureTask.java:264)
	at com.intellij.util.concurrency.SchedulingWrapper$MyScheduledFutureTask.run(SchedulingWrapper.java:224)
	at com.intellij.util.concurrency.BoundedTaskExecutor.doRun(BoundedTaskExecutor.java:207)
	at com.intellij.util.concurrency.BoundedTaskExecutor.access$100(BoundedTaskExecutor.java:29)
	at com.intellij.util.concurrency.BoundedTaskExecutor$1.lambda$run$0(BoundedTaskExecutor.java:185)
	at com.intellij.util.ConcurrencyUtil.runUnderThreadName(ConcurrencyUtil.java:208)
	at com.intellij.util.concurrency.BoundedTaskExecutor$1.run(BoundedTaskExecutor.java:181)
	at java.base/java.util.concurrent.ThreadPoolExecutor.runWorker(ThreadPoolExecutor.java:1128)
	at java.base/java.util.concurrent.ThreadPoolExecutor$Worker.run(ThreadPoolExecutor.java:628)
	at java.base/java.lang.Thread.run(Thread.java:834)
[2019.09.12 12:17:51] (Coverage): Failed to load coverage data from file: /home/soruh/.IdeaIC2019.2/system/coverage/tetris_neural_net$Main.ic
java.io.EOFException
	at java.base/java.io.DataInputStream.readUnsignedByte(DataInputStream.java:295)
	at com.intellij.rt.coverage.util.CoverageIOUtil.readINT(CoverageIOUtil.java:136)
	at com.intellij.rt.coverage.util.ProjectDataLoader.load(ProjectDataLoader.java:38)
	at com.intellij.coverage.IDEACoverageRunner.loadCoverageData(IDEACoverageRunner.java:26)
	at com.intellij.coverage.BaseCoverageSuite.loadProjectInfo(BaseCoverageSuite.java:259)
	at com.intellij.coverage.JavaCoverageSuite.getCoverageData(JavaCoverageSuite.java:169)
	at com.intellij.coverage.CoverageSuitesBundle.getCoverageData(CoverageSuitesBundle.java:96)
	at com.intellij.coverage.SrcFileAnnotator.showCoverageInformation(SrcFileAnnotator.java:276)
	at com.intellij.coverage.CoverageDataManagerImpl$CoverageEditorFactoryListener.lambda$editorCreated$1(CoverageDataManagerImpl.java:660)
	at com.intellij.util.concurrency.QueueProcessor.runSafely(QueueProcessor.java:231)
	at com.intellij.util.Alarm$Request.runSafely(Alarm.java:368)
	at com.intellij.util.Alarm$Request.run(Alarm.java:355)
	at java.base/java.util.concurrent.Executors$RunnableAdapter.call(Executors.java:515)
	at java.base/java.util.concurrent.FutureTask.run(FutureTask.java:264)
	at com.intellij.util.concurrency.SchedulingWrapper$MyScheduledFutureTask.run(SchedulingWrapper.java:224)
	at com.intellij.util.concurrency.BoundedTaskExecutor.doRun(BoundedTaskExecutor.java:207)
	at com.intellij.util.concurrency.BoundedTaskExecutor.access$100(BoundedTaskExecutor.java:29)
	at com.intellij.util.concurrency.BoundedTaskExecutor$1.lambda$run$0(BoundedTaskExecutor.java:185)
	at com.intellij.util.ConcurrencyUtil.runUnderThreadName(ConcurrencyUtil.java:208)
	at com.intellij.util.concurrency.BoundedTaskExecutor$1.run(BoundedTaskExecutor.java:181)
	at java.base/java.util.concurrent.ThreadPoolExecutor.runWorker(ThreadPoolExecutor.java:1128)
	at java.base/java.util.concurrent.ThreadPoolExecutor$Worker.run(ThreadPoolExecutor.java:628)
	at java.base/java.lang.Thread.run(Thread.java:834)
